<?xml version="1.0" encoding="UTF-8"?>
<!-- Generated by org.testng.reporters.JUnitReportReporter -->
<testsuite hostname="LAPTOP-0NUUCPCM" failures="0" tests="1" name="com.naukri.qa.Testcases.LoginTest" time="13.492" errors="0" timestamp="2024-07-11T13:39:04 IST" skipped="0">
  <testcase classname="com.naukri.qa.Testcases.LoginTest" name="loginPage" time="13.492"/>
  <system-out/>
</testsuite> <!-- com.naukri.qa.Testcases.LoginTest -->
